   1               		.file	"CanBus.c"
   2               	__SP_H__ = 0x3e
   3               	__SP_L__ = 0x3d
   4               	__SREG__ = 0x3f
   5               	__RAMPZ__ = 0x3b
   6               	__tmp_reg__ = 0
   7               	__zero_reg__ = 1
   8               		.text
   9               	.Ltext0:
  10               		.cfi_sections	.debug_frame
  11               	.global	CANbus_Init
  13               	CANbus_Init:
  14               	.LFB1:
  15               		.file 1 "src/CanBus.c"
   1:src/CanBus.c  **** #include "CanBus.h"
   2:src/CanBus.c  **** 
   3:src/CanBus.c  **** void CANbus_Init(void) {
  16               		.loc 1 3 0
  17               		.cfi_startproc
  18               	/* prologue: function */
  19               	/* frame size = 0 */
  20               	/* stack size = 0 */
  21               	.L__stack_usage = 0
   4:src/CanBus.c  **** 
   5:src/CanBus.c  ****   can_init(CANBUS_BITRATE);
  22               		.loc 1 5 0
  23 0000 86E0      		ldi r24,lo8(6)
  24 0002 0C94 0000 		jmp can_init
  25               	.LVL0:
  26               		.cfi_endproc
  27               	.LFE1:
  29               	.Letext0:
  30               		.file 2 "./libs/can/can.h"
DEFINED SYMBOLS
                            *ABS*:0000000000000000 CanBus.c
     /tmp/ccc4OavL.s:2      *ABS*:000000000000003e __SP_H__
     /tmp/ccc4OavL.s:3      *ABS*:000000000000003d __SP_L__
     /tmp/ccc4OavL.s:4      *ABS*:000000000000003f __SREG__
     /tmp/ccc4OavL.s:5      *ABS*:000000000000003b __RAMPZ__
     /tmp/ccc4OavL.s:6      *ABS*:0000000000000000 __tmp_reg__
     /tmp/ccc4OavL.s:7      *ABS*:0000000000000001 __zero_reg__
     /tmp/ccc4OavL.s:13     .text:0000000000000000 CANbus_Init

UNDEFINED SYMBOLS
can_init
